
> (load "../tr-compiler")

T
> (compile-and-subsume-tr "corner-notr-feats.ded" '(V))

NIL
> (save-subsumption "test.ded")

Type-raising rules added at the end of *ccg-grammar*
compiled, subsumed and saved.
NIL
> (lg "test")

======================= l o a d i n g =======================================

Project [test] is assumed to consist of
-----------------------------------------------------------------------------
  CCG grammar source : test.ccg $
    Its token form   : test.lisptokens $
  Deduction grammar  : test.ded $ (derived from test.lisptokens)
  Induction grammar  : test.ind #
  Supervision source : test.sup ^
  Model-specific code: test.lisp ^
   and other model-specific files you may create.
       *CCG-GRAMMAR* : set from test.ded
  *LEX-RULES-TABLE*  : set from test.ded
Expected files       : $ for deduction, # for induction, ^ for model development
=============================================================================
T
> (status)

To see rule switches, do (switches)
  ---------------------------
  To beam or not to beam    : NIL
  Normal Form (NF) parse    : T
  Out of vocabulary flag    : NIL
  Any non-standard rule     ? NO
  Currently loaded grammar  : test.ded
 *CCG-GRAMMAR*              : 10 items
 *LEX-RULES-TABLE*          : 2 items
 *CKY-HASHTABLE*            : 0 items
 *CKY-INPUT* for the table  : NIL 
  Most likely LF w/weight   : NIL 
  Its most likely derivation: NIL
  Sum of weighted counts    : 0.0 
  Most likely LF's cells    : NIL 
  Number of differing LFs   : 0 
  Most weighted derivation  : NIL 
  ---------------------------
NIL
> (type-raise-targets '(NP)) 
(NP)
> ; it will not use lower types of NP in derivations
(p '(the man hits the boy))

T
> (ders)


Derivation 1
--------------
LEX   (THE) := NP/*N
        : (LAM X X)
LEX   (MAN) := N
        : MAN
>     (THE)(MAN) := NP
        : ((LAM X X) MAN)
LEX   (THE) := NP/*N
        : (LAM X X)
LEX   (BOY) := N
        : BOY
>     (THE)(BOY) := NP
        : ((LAM X X) BOY)
_MLU381 (THE MAN) := S/(S\NP)
        : ((LAM LF (LAM P (P LF))) ((LAM X X) MAN))
LEX   (HITS) := (S\NP)/NP
        : (LAM X (LAM Y ((HITS X) Y)))
_MLU383 (THE BOY) := (S\NP)\((S\NP)/NP)
        : ((LAM LF (LAM P (P LF))) ((LAM X X) BOY))
<     (HITS)(THE BOY) := S\NP
        : (((LAM LF (LAM P (P LF))) ((LAM X X) BOY))
           (LAM X (LAM Y ((HITS X) Y))))
>     (THE MAN)(HITS THE BOY) := S
        : (((LAM LF (LAM P (P LF))) ((LAM X X) MAN))
           (((LAM LF (LAM P (P LF))) ((LAM X X) BOY))
            (LAM X (LAM Y ((HITS X) Y)))))

Final LF, normal-order evaluated: 

    ((HITS BOY) MAN) =
    (HITS BOY MAN)

Try (cky-pprint) to see the details including the features and slash modalities.
    (cky-reveal-cell <cell>) to pretty-print the parse in <cell>.
NIL
> (type-raise-off) 
NIL
> ; now we get lower types too
(p '(the man hits the boy))

T
> (ders)


Derivation 1
--------------
LEX   (THE) := NP/*N
        : (LAM X X)
LEX   (MAN) := N
        : MAN
>     (THE)(MAN) := NP
        : ((LAM X X) MAN)
LEX   (HITS) := (S\NP)/NP
        : (LAM X (LAM Y ((HITS X) Y)))
LEX   (THE) := NP/*N
        : (LAM X X)
LEX   (BOY) := N
        : BOY
>     (THE)(BOY) := NP
        : ((LAM X X) BOY)
>     (HITS)(THE BOY) := S\NP
        : ((LAM X (LAM Y ((HITS X) Y))) ((LAM X X) BOY))
<     (THE MAN)(HITS THE BOY) := S
        : (((LAM X (LAM Y ((HITS X) Y))) ((LAM X X) BOY)) ((LAM X X) MAN))

Final LF, normal-order evaluated: 

    ((HITS BOY) MAN) =
    (HITS BOY MAN)

Derivation 2
--------------
LEX   (THE) := NP/*N
        : (LAM X X)
LEX   (BOY) := N
        : BOY
>     (THE)(BOY) := NP
        : ((LAM X X) BOY)
LEX   (THE) := NP/*N
        : (LAM X X)
LEX   (MAN) := N
        : MAN
>     (THE)(MAN) := NP
        : ((LAM X X) MAN)
LEX   (HITS) := (S\NP)/NP
        : (LAM X (LAM Y ((HITS X) Y)))
_MLU383 (THE BOY) := (S\NP)\((S\NP)/NP)
        : ((LAM LF (LAM P (P LF))) ((LAM X X) BOY))
<     (HITS)(THE BOY) := S\NP
        : (((LAM LF (LAM P (P LF))) ((LAM X X) BOY))
           (LAM X (LAM Y ((HITS X) Y))))
<     (THE MAN)(HITS THE BOY) := S
        : ((((LAM LF (LAM P (P LF))) ((LAM X X) BOY))
            (LAM X (LAM Y ((HITS X) Y))))
           ((LAM X X) MAN))

Final LF, normal-order evaluated: 

    ((HITS BOY) MAN) =
    (HITS BOY MAN)

Derivation 3
--------------
LEX   (THE) := NP/*N
        : (LAM X X)
LEX   (MAN) := N
        : MAN
>     (THE)(MAN) := NP
        : ((LAM X X) MAN)
_MLU381 (THE MAN) := S/(S\NP)
        : ((LAM LF (LAM P (P LF))) ((LAM X X) MAN))
LEX   (HITS) := (S\NP)/NP
        : (LAM X (LAM Y ((HITS X) Y)))
LEX   (THE) := NP/*N
        : (LAM X X)
LEX   (BOY) := N
        : BOY
>     (THE)(BOY) := NP
        : ((LAM X X) BOY)
>     (HITS)(THE BOY) := S\NP
        : ((LAM X (LAM Y ((HITS X) Y))) ((LAM X X) BOY))
>     (THE MAN)(HITS THE BOY) := S
        : (((LAM LF (LAM P (P LF))) ((LAM X X) MAN))
           ((LAM X (LAM Y ((HITS X) Y))) ((LAM X X) BOY)))

Final LF, normal-order evaluated: 

    ((HITS BOY) MAN) =
    (HITS BOY MAN)

Derivation 4
--------------
LEX   (THE) := NP/*N
        : (LAM X X)
LEX   (MAN) := N
        : MAN
>     (THE)(MAN) := NP
        : ((LAM X X) MAN)
LEX   (THE) := NP/*N
        : (LAM X X)
LEX   (BOY) := N
        : BOY
>     (THE)(BOY) := NP
        : ((LAM X X) BOY)
_MLU381 (THE MAN) := S/(S\NP)
        : ((LAM LF (LAM P (P LF))) ((LAM X X) MAN))
LEX   (HITS) := (S\NP)/NP
        : (LAM X (LAM Y ((HITS X) Y)))
_MLU383 (THE BOY) := (S\NP)\((S\NP)/NP)
        : ((LAM LF (LAM P (P LF))) ((LAM X X) BOY))
<     (HITS)(THE BOY) := S\NP
        : (((LAM LF (LAM P (P LF))) ((LAM X X) BOY))
           (LAM X (LAM Y ((HITS X) Y))))
>     (THE MAN)(HITS THE BOY) := S
        : (((LAM LF (LAM P (P LF))) ((LAM X X) MAN))
           (((LAM LF (LAM P (P LF))) ((LAM X X) BOY))
            (LAM X (LAM Y ((HITS X) Y)))))

Final LF, normal-order evaluated: 

    ((HITS BOY) MAN) =
    (HITS BOY MAN)

Try (cky-pprint) to see the details including the features and slash modalities.
    (cky-reveal-cell <cell>) to pretty-print the parse in <cell>.
NIL
> (dribble)
